Arguments: 
  F:\Program Files\nodejs\node.exe C:\Users\13910\AppData\Roaming\npm\node_modules\yarn\bin\yarn.js start

PATH: 
  C:\Users\13910\bin;C:\Program Files\Git\mingw64\bin;C:\Program Files\Git\usr\local\bin;C:\Program Files\Git\usr\bin;C:\Program Files\Git\usr\bin;C:\Program Files\Git\mingw64\bin;C:\Program Files\Git\usr\bin;C:\Users\13910\bin;C:\Program Files (x86)\Common Files\Intel\Shared Libraries\redist\intel64\compiler;C:\WINDOWS\system32;C:\WINDOWS;C:\WINDOWS\System32\Wbem;C:\WINDOWS\System32\WindowsPowerShell\v1.0;C:\Program Files\Git\cmd;C:\Program Files\TortoiseSVN\bin;C:\Program Files (x86)\MySQL\MySQL Fabric 1.5 & MySQL Utilities 1.5;C:\Program Files (x86)\MySQL\MySQL Fabric 1.5 & MySQL Utilities 1.5\Doctrine extensions for PHP;F:\xuchang2018\tools\Microsoft VS Code\bin;C:\WINDOWS\System32\OpenSSH;F:\Program Files\nodejs;C:\Ruby25-x64\bin;C:\Users\13910\AppData\Local\Microsoft\WindowsApps;F:\install\Microsoft VS Code\bin;F:\mysql\MySQL Server 5.5\bin;F:\xuchang2018\tools\Microsoft VS Code\bin;F:\Anaconda3;F:\Anaconda3\Scripts;F:\Program Files\nodejs;C:\Users\13910\AppData\Roaming\npm;C:\Program Files\Git\usr\bin\vendor_perl;C:\Program Files\Git\usr\bin\core_perl

Yarn version: 
  1.5.1

Node version: 
  9.0.0

Platform: 
  win32 x64

npm manifest: 
  {
    "dependencies": {
      "less": "^2.7.0"
    }
  }

yarn manifest: 
  No manifest

Lockfile: 
  No lockfile

Trace: 
  Error: Command "start" not found.
      at new MessageError (C:\Users\13910\AppData\Roaming\npm\node_modules\yarn\lib\cli.js:186:110)
      at C:\Users\13910\AppData\Roaming\npm\node_modules\yarn\lib\cli.js:87307:17
      at Generator.next (<anonymous>)
      at step (C:\Users\13910\AppData\Roaming\npm\node_modules\yarn\lib\cli.js:98:30)
      at C:\Users\13910\AppData\Roaming\npm\node_modules\yarn\lib\cli.js:116:14
      at new Promise (<anonymous>)
      at new F (C:\Users\13910\AppData\Roaming\npm\node_modules\yarn\lib\cli.js:23451:28)
      at C:\Users\13910\AppData\Roaming\npm\node_modules\yarn\lib\cli.js:95:12
      at runCommand (C:\Users\13910\AppData\Roaming\npm\node_modules\yarn\lib\cli.js:87312:22)
      at Object.<anonymous> (C:\Users\13910\AppData\Roaming\npm\node_modules\yarn\lib\cli.js:87412:14)
